<?xml version="1.0" encoding="utf-8"?><testsuites name="pytest tests"><testsuite name="pytest" errors="0" failures="0" skipped="0" tests="72" time="8.875" timestamp="2026-08-28T15:49:19.824788+00:00" hostname="agent-env-dc1821f1-47bc-445a-8945-0be88406c98e"><testcase classname="tests.test_backend.TestContent" name="test_categories" time="0.364" /><testcase classname="tests.test_backend.TestAdminDashboardCategories" name="test_admin_stats_has_new_keys" time="0.435" /><testcase classname="tests.test_backend.TestContent" name="test_destinations_all" time="0.088" /><testcase classname="tests.test_backend.TestContent" name="test_destinations_filters" time="0.592" /><testcase classname="tests.test_backend.TestAdminDashboardCategories" name="test_admin_stats_non_admin_403" time="0.341" /><testcase classname="tests.test_backend.TestAdminDashboardCategories" name="test_admin_categories_crud_and_public_reflection" time="0.443" /><testcase classname="tests.test_backend.TestContent" name="test_destination_detail_includes_related" time="0.151" /><testcase classname="tests.test_backend.TestContent" name="test_destination_not_found" time="0.068" /><testcase classname="tests.test_backend.TestAdminDashboardCategories" name="test_admin_categories_non_admin_403" time="0.219" /><testcase classname="tests.test_backend.TestContent" name="test_trips_list_and_detail" time="0.135" /><testcase classname="tests.test_backend.TestContent" name="test_experiences_list_and_detail" time="0.184" /><testcase classname="tests.test_backend.TestAdminDashboardCategories" name="test_admin_product_categories_crud_and_public_reflection" time="0.486" /><testcase classname="tests.test_backend.TestContent" name="test_marketplace_categories" time="0.070" /><testcase classname="tests.test_backend.TestContent" name="test_products_list_filter_detail" time="0.334" /><testcase classname="tests.test_backend.TestAdminDashboardCategories" name="test_admin_product_categories_non_admin_403" time="0.395" /><testcase classname="tests.test_backend.TestContent" name="test_events_offers" time="0.185" /><testcase classname="tests.test_backend.TestContent" name="test_discover_all_keys" time="0.096" /><testcase classname="tests.test_backend.TestContent" name="test_search" time="0.073" /><testcase classname="tests.test_backend.TestAdminDashboardCategories" name="test_admin_create_destination_with_images_array_and_coords_visible_in_public" time="0.794" /><testcase classname="tests.test_backend.TestAdminAdvanced" name="test_admin_bookings_requires_admin" time="0.370" /><testcase classname="tests.test_backend.TestAdminAdvanced" name="test_admin_bookings_lists" time="0.418" /><testcase classname="tests.test_backend.TestAuth" name="test_register_duplicate_returns_400" time="0.160" /><testcase classname="tests.test_backend.TestAdminAdvanced" name="test_admin_update_booking_status_and_notify" time="0.811" /><testcase classname="tests.test_backend.TestAuth" name="test_register_new_user_and_login" time="0.561" /><testcase classname="tests.test_backend.TestAuth" name="test_login_invalid_returns_401" time="0.055" /><testcase classname="tests.test_backend.TestAuth" name="test_me_requires_bearer" time="0.105" /><testcase classname="tests.test_backend.TestAdminAdvanced" name="test_admin_booking_status_invalid_400" time="0.181" /><testcase classname="tests.test_backend.TestAuth" name="test_me_with_token" time="0.056" /><testcase classname="tests.test_backend.TestAuth" name="test_logout_ok" time="0.401" /><testcase classname="tests.test_backend.TestAdminAdvanced" name="test_admin_crud_destination" time="0.512" /><testcase classname="tests.test_backend.TestServices" name="test_services_list_seeded" time="0.055" /><testcase classname="tests.test_backend.TestServices" name="test_service_detail" time="0.159" /><testcase classname="tests.test_backend.TestAdminAdvanced" name="test_admin_crud_non_admin_forbidden" time="0.291" /><testcase classname="tests.test_backend.TestServices" name="test_service_detail_404" time="0.063" /><testcase classname="tests.test_backend.TestServices" name="test_service_category_filter" time="0.116" /><testcase classname="tests.test_backend.TestServices" name="test_admin_services_crud_visible_in_public" time="0.306" /><testcase classname="tests.test_backend.TestFavorites" name="test_unauth_favorites_401" time="0.264" /><testcase classname="tests.test_backend.TestServices" name="test_admin_services_non_admin_403" time="0.224" /><testcase classname="tests.test_backend.TestFavorites" name="test_toggle_twice_adds_then_removes" time="0.232" /><testcase classname="tests.test_backend.TestBookings" name="test_unauth_bookings_401" time="0.120" /><testcase classname="tests.test_backend.TestFavorites" name="test_favorites_grouped" time="0.068" /><testcase classname="tests.test_backend.TestFavorites" name="test_favorites_ids" time="0.071" /><testcase classname="tests.test_backend.TestBookings" name="test_booking_unknown_item_404" time="0.057" /><testcase classname="tests.test_backend.TestBookings" name="test_create_trip_booking_and_notification" time="0.254" /><testcase classname="tests.test_backend.TestOrders" name="test_orders_requires_auth" time="0.185" /><testcase classname="tests.test_backend.TestOrders" name="test_empty_cart_returns_400" time="0.068" /><testcase classname="tests.test_backend.TestBookings" name="test_create_experience_booking" time="0.161" /><testcase classname="tests.test_backend.TestOrders" name="test_unknown_product_returns_404" time="0.114" /><testcase classname="tests.test_backend.TestOrders" name="test_create_order_computes_total_and_persists" time="0.293" /><testcase classname="tests.test_backend.TestVerifiedReviews" name="test_review_verified_when_booked_trip" time="0.224" /><testcase classname="tests.test_backend.TestVerifiedReviews" name="test_review_not_verified_for_unbooked_experience" time="0.159" /><testcase classname="tests.test_backend.TestHostReply" name="test_reply_requires_admin" time="0.234" /><testcase classname="tests.test_backend.TestVerifiedReviews" name="test_destination_review_always_unverified" time="0.155" /><testcase classname="tests.test_backend.TestHostReply" name="test_admin_can_reply_and_it_persists" time="0.306" /><testcase classname="tests.test_backend.TestVerifiedReviews" name="test_reviews_return_verified_and_photos_fields" time="0.220" /><testcase classname="tests.test_backend.TestReviews" name="test_reviews_get_empty" time="0.061" /><testcase classname="tests.test_backend.TestHostReply" name="test_reply_empty_400" time="0.263" /><testcase classname="tests.test_backend.TestReviews" name="test_create_review_auth" time="0.175" /><testcase classname="tests.test_backend.TestReviews" name="test_review_requires_auth" time="0.103" /><testcase classname="tests.test_backend.TestHostReply" name="test_reply_review_not_found_404" time="0.080" /><testcase classname="tests.test_backend.TestNotifications" name="test_notifications_requires_auth" time="0.055" /><testcase classname="tests.test_backend.TestDestinationRichContent" name="test_startup_backfill_populated_on_seeded" time="0.082" /><testcase classname="tests.test_backend.TestNotifications" name="test_notifications_ok" time="0.067" /><testcase classname="tests.test_backend.TestDestinationRichContent" name="test_destination_detail_returns_rich_fields" time="0.146" /><testcase classname="tests.test_backend.TestAdmin" name="test_admin_non_admin_403" time="0.058" /><testcase classname="tests.test_backend.TestAdmin" name="test_admin_stats_ok" time="0.072" /><testcase classname="tests.test_backend.TestEventsAdmin" name="test_admin_events_crud_visible_in_public" time="0.391" /><testcase classname="tests.test_backend.TestDestinationRichContent" name="test_admin_create_and_edit_persists_all_new_fields" time="0.432" /><testcase classname="tests.test_backend.TestEventsAdmin" name="test_admin_events_non_admin_403" time="0.221" /><testcase classname="tests.test_backend.TestUploads" name="test_upload_requires_auth" time="0.140" /><testcase classname="tests.test_backend.TestUploads" name="test_upload_and_serve_public" time="0.636" /><testcase classname="tests.test_backend.TestAdminUnknownEntity" name="test_unknown_entity_404" time="0.056" /></testsuite></testsuites>