<?xml version="1.0" encoding="utf-8"?><testsuites name="pytest tests"><testsuite name="pytest" errors="0" failures="0" skipped="0" tests="65" time="8.153" timestamp="2026-08-25T00:01:39.557728+00:00" hostname="agent-env-dc1821f1-47bc-445a-8945-0be88406c98e"><testcase classname="tests.test_backend.TestAuth" name="test_register_duplicate_returns_400" time="0.381" /><testcase classname="tests.test_backend.TestContent" name="test_categories" time="0.249" /><testcase classname="tests.test_backend.TestContent" name="test_destinations_all" time="0.063" /><testcase classname="tests.test_backend.TestContent" name="test_destinations_filters" time="0.711" /><testcase classname="tests.test_backend.TestAuth" name="test_register_new_user_and_login" time="0.647" /><testcase classname="tests.test_backend.TestContent" name="test_destination_detail_includes_related" time="0.164" /><testcase classname="tests.test_backend.TestAuth" name="test_login_invalid_returns_401" time="0.072" /><testcase classname="tests.test_backend.TestAuth" name="test_me_requires_bearer" time="0.070" /><testcase classname="tests.test_backend.TestContent" name="test_destination_not_found" time="0.283" /><testcase classname="tests.test_backend.TestContent" name="test_trips_list_and_detail" time="0.130" /><testcase classname="tests.test_backend.TestAuth" name="test_me_with_token" time="0.407" /><testcase classname="tests.test_backend.TestAuth" name="test_logout_ok" time="0.495" /><testcase classname="tests.test_backend.TestContent" name="test_experiences_list_and_detail" time="0.319" /><testcase classname="tests.test_backend.TestContent" name="test_marketplace_categories" time="0.061" /><testcase classname="tests.test_backend.TestContent" name="test_products_list_filter_detail" time="0.451" /><testcase classname="tests.test_backend.TestAdminAdvanced" name="test_admin_bookings_requires_admin" time="0.074" /><testcase classname="tests.test_backend.TestContent" name="test_events_offers" time="0.112" /><testcase classname="tests.test_backend.TestAdminAdvanced" name="test_admin_bookings_lists" time="0.378" /><testcase classname="tests.test_backend.TestAdminAdvanced" name="test_admin_update_booking_status_and_notify" time="0.454" /><testcase classname="tests.test_backend.TestContent" name="test_discover_all_keys" time="0.063" /><testcase classname="tests.test_backend.TestContent" name="test_search" time="0.069" /><testcase classname="tests.test_backend.TestServices" name="test_services_list_seeded" time="0.060" /><testcase classname="tests.test_backend.TestServices" name="test_service_detail" time="0.109" /><testcase classname="tests.test_backend.TestServices" name="test_service_detail_404" time="0.054" /><testcase classname="tests.test_backend.TestServices" name="test_service_category_filter" time="0.125" /><testcase classname="tests.test_backend.TestAdminAdvanced" name="test_admin_booking_status_invalid_400" time="0.412" /><testcase classname="tests.test_backend.TestServices" name="test_admin_services_crud_visible_in_public" time="0.781" /><testcase classname="tests.test_backend.TestAdminAdvanced" name="test_admin_crud_destination" time="0.389" /><testcase classname="tests.test_backend.TestAdminAdvanced" name="test_admin_crud_non_admin_forbidden" time="0.449" /><testcase classname="tests.test_backend.TestServices" name="test_admin_services_non_admin_403" time="0.453" /><testcase classname="tests.test_backend.TestBookings" name="test_unauth_bookings_401" time="0.202" /><testcase classname="tests.test_backend.TestFavorites" name="test_unauth_favorites_401" time="0.242" /><testcase classname="tests.test_backend.TestBookings" name="test_booking_unknown_item_404" time="0.087" /><testcase classname="tests.test_backend.TestFavorites" name="test_toggle_twice_adds_then_removes" time="0.224" /><testcase classname="tests.test_backend.TestBookings" name="test_create_trip_booking_and_notification" time="0.350" /><testcase classname="tests.test_backend.TestFavorites" name="test_favorites_grouped" time="0.052" /><testcase classname="tests.test_backend.TestFavorites" name="test_favorites_ids" time="0.059" /><testcase classname="tests.test_backend.TestVerifiedReviews" name="test_review_verified_when_booked_trip" time="0.173" /><testcase classname="tests.test_backend.TestBookings" name="test_create_experience_booking" time="0.266" /><testcase classname="tests.test_backend.TestVerifiedReviews" name="test_review_not_verified_for_unbooked_experience" time="0.155" /><testcase classname="tests.test_backend.TestOrders" name="test_orders_requires_auth" time="0.213" /><testcase classname="tests.test_backend.TestVerifiedReviews" name="test_destination_review_always_unverified" time="0.112" /><testcase classname="tests.test_backend.TestVerifiedReviews" name="test_reviews_return_verified_and_photos_fields" time="0.183" /><testcase classname="tests.test_backend.TestOrders" name="test_empty_cart_returns_400" time="0.125" /><testcase classname="tests.test_backend.TestHostReply" name="test_reply_requires_admin" time="0.165" /><testcase classname="tests.test_backend.TestOrders" name="test_unknown_product_returns_404" time="0.115" /><testcase classname="tests.test_backend.TestOrders" name="test_create_order_computes_total_and_persists" time="0.298" /><testcase classname="tests.test_backend.TestHostReply" name="test_admin_can_reply_and_it_persists" time="0.259" /><testcase classname="tests.test_backend.TestReviews" name="test_reviews_get_empty" time="0.074" /><testcase classname="tests.test_backend.TestHostReply" name="test_reply_empty_400" time="0.278" /><testcase classname="tests.test_backend.TestReviews" name="test_create_review_auth" time="0.236" /><testcase classname="tests.test_backend.TestHostReply" name="test_reply_review_not_found_404" time="0.067" /><testcase classname="tests.test_backend.TestReviews" name="test_review_requires_auth" time="0.076" /><testcase classname="tests.test_backend.TestDestinationRichContent" name="test_startup_backfill_populated_on_seeded" time="0.056" /><testcase classname="tests.test_backend.TestNotifications" name="test_notifications_requires_auth" time="0.141" /><testcase classname="tests.test_backend.TestDestinationRichContent" name="test_destination_detail_returns_rich_fields" time="0.109" /><testcase classname="tests.test_backend.TestDestinationRichContent" name="test_admin_create_and_edit_persists_all_new_fields" time="0.317" /><testcase classname="tests.test_backend.TestNotifications" name="test_notifications_ok" time="0.076" /><testcase classname="tests.test_backend.TestAdmin" name="test_admin_non_admin_403" time="0.086" /><testcase classname="tests.test_backend.TestAdmin" name="test_admin_stats_ok" time="0.075" /><testcase classname="tests.test_backend.TestEventsAdmin" name="test_admin_events_crud_visible_in_public" time="0.393" /><testcase classname="tests.test_backend.TestUploads" name="test_upload_requires_auth" time="0.242" /><testcase classname="tests.test_backend.TestUploads" name="test_upload_and_serve_public" time="0.779" /><testcase classname="tests.test_backend.TestEventsAdmin" name="test_admin_events_non_admin_403" time="0.235" /><testcase classname="tests.test_backend.TestAdminUnknownEntity" name="test_unknown_entity_404" time="0.085" /></testsuite></testsuites>